<?xml version="1.0" encoding="UTF-8"?>
<testsuite xmlns:xsi="http://www.w3.org/2001/XMLSchema-instance" xsi:noNamespaceSchemaLocation="https://maven.apache.org/surefire/maven-surefire-plugin/xsd/surefire-test-report-3.0.xsd" version="3.0" name="GestorPuntosTest" time="0.039" tests="4" errors="0" skipped="0" failures="0">
  <properties>
[...]
</properties>
  <testcase name="testConsultarJugador" classname="GestorPuntosTest" time="0.018"/>
  <testcase name="testRestarPuntos" classname="GestorPuntosTest" time="0.002"/>
  <testcase name="testResetearPuntos" classname="GestorPuntosTest" time="0.001"/>
  <testcase name="testAniadirPuntos" classname="GestorPuntosTest" time="0.001"/>
</testsuite>